# JRE version: OpenJDK Runtime Environment (8.0_202) (build 1.8.0_202-release-1483-b49-5587405)
# Java VM: OpenJDK 64-Bit Server VM (25.202-b49-5587405 mixed mode linux-amd64 compressed oops)
Heap:
 PSYoungGen      total 308224K, used 276992K [0x00000000e0000000, 0x00000000fa100000, 0x0000000100000000)
  eden space 276992K, 100% used [0x00000000e0000000,0x00000000f0e80000,0x00000000f0e80000)
  from space 31232K, 0% used [0x00000000f0e80000,0x00000000f0e80000,0x00000000f2d00000)
  to   space 30208K, 20% used [0x00000000f8380000,0x00000000f8976a50,0x00000000fa100000)
 ParOldGen       total 317952K, used 255059K [0x00000000a0000000, 0x00000000b3680000, 0x00000000e0000000)
  object space 317952K, 80% used [0x00000000a0000000,0x00000000af914df8,0x00000000b3680000)
 Metaspace       used 72001K, capacity 74340K, committed 74456K, reserved 1114112K
  class space    used 9427K, capacity 9977K, committed 9984K, reserved 1048576K
GC Heap History (10 events):
Event: 122,847 GC heap after
Heap after GC invocations=22 (full 3):
 PSYoungGen      total 264704K, used 19966K [0x00000000e0000000, 0x00000000f4a00000, 0x0000000100000000)
  eden space 244736K, 0% used [0x00000000e0000000,0x00000000e0000000,0x00000000eef00000)
  from space 19968K, 99% used [0x00000000eef00000,0x00000000f027fad0,0x00000000f0280000)
  to   space 29696K, 0% used [0x00000000f2d00000,0x00000000f2d00000,0x00000000f4a00000)
 ParOldGen       total 81408K, used 46958K [0x00000000a0000000, 0x00000000a4f80000, 0x00000000e0000000)
  object space 81408K, 57% used [0x00000000a0000000,0x00000000a2ddb8b8,0x00000000a4f80000)
 Metaspace       used 70778K, capacity 73084K, committed 73432K, reserved 1112064K
  class space    used 9355K, capacity 9887K, committed 9984K, reserved 1048576K
}
Event: 123,308 GC heap before
{Heap before GC invocations=23 (full 3):
 PSYoungGen      total 264704K, used 248912K [0x00000000e0000000, 0x00000000f4a00000, 0x0000000100000000)
  eden space 244736K, 93% used [0x00000000e0000000,0x00000000edf94558,0x00000000eef00000)
  from space 19968K, 99% used [0x00000000eef00000,0x00000000f027fad0,0x00000000f0280000)
  to   space 29696K, 0% used [0x00000000f2d00000,0x00000000f2d00000,0x00000000f4a00000)
 ParOldGen       total 81408K, used 46958K [0x00000000a0000000, 0x00000000a4f80000, 0x00000000e0000000)
  object space 81408K, 57% used [0x00000000a0000000,0x00000000a2ddb8b8,0x00000000a4f80000)
 Metaspace       used 70778K, capacity 73084K, committed 73432K, reserved 1112064K
  class space    used 9355K, capacity 9887K, committed 9984K, reserved 1048576K
Event: 123,360 GC heap after
Heap after GC invocations=23 (full 3):
 PSYoungGen      total 306688K, used 22086K [0x00000000e0000000, 0x00000000f6e80000, 0x0000000100000000)
  eden space 276992K, 0% used [0x00000000e0000000,0x00000000e0000000,0x00000000f0e80000)
  from space 29696K, 74% used [0x00000000f2d00000,0x00000000f4291af8,0x00000000f4a00000)
  to   space 31232K, 0% used [0x00000000f0e80000,0x00000000f0e80000,0x00000000f2d00000)
 ParOldGen       total 111104K, used 108602K [0x00000000a0000000, 0x00000000a6c80000, 0x00000000e0000000)
  object space 111104K, 97% used [0x00000000a0000000,0x00000000a6a0e910,0x00000000a6c80000)
 Metaspace       used 70778K, capacity 73084K, committed 73432K, reserved 1112064K
  class space    used 9355K, capacity 9887K, committed 9984K, reserved 1048576K
}
Event: 123,360 GC heap before
{Heap before GC invocations=24 (full 4):
 PSYoungGen      total 306688K, used 22086K [0x00000000e0000000, 0x00000000f6e80000, 0x0000000100000000)
  eden space 276992K, 0% used [0x00000000e0000000,0x00000000e0000000,0x00000000f0e80000)
  from space 29696K, 74% used [0x00000000f2d00000,0x00000000f4291af8,0x00000000f4a00000)
  to   space 31232K, 0% used [0x00000000f0e80000,0x00000000f0e80000,0x00000000f2d00000)
 ParOldGen       total 111104K, used 108602K [0x00000000a0000000, 0x00000000a6c80000, 0x00000000e0000000)
  object space 111104K, 97% used [0x00000000a0000000,0x00000000a6a0e910,0x00000000a6c80000)
 Metaspace       used 70778K, capacity 73084K, committed 73432K, reserved 1112064K
  class space    used 9355K, capacity 9887K, committed 9984K, reserved 1048576K
Event: 123,678 GC heap after
Heap after GC invocations=24 (full 4):
 PSYoungGen      total 306688K, used 19402K [0x00000000e0000000, 0x00000000f6e80000, 0x0000000100000000)
  eden space 276992K, 0% used [0x00000000e0000000,0x00000000e0000000,0x00000000f0e80000)
  from space 29696K, 65% used [0x00000000f2d00000,0x00000000f3ff28a8,0x00000000f4a00000)
  to   space 31232K, 0% used [0x00000000f0e80000,0x00000000f0e80000,0x00000000f2d00000)
 ParOldGen       total 196608K, used 110626K [0x00000000a0000000, 0x00000000ac000000, 0x00000000e0000000)
  object space 196608K, 56% used [0x00000000a0000000,0x00000000a6c08910,0x00000000ac000000)
 Metaspace       used 70778K, capacity 73084K, committed 73432K, reserved 1112064K
  class space    used 9355K, capacity 9887K, committed 9984K, reserved 1048576K
}
Event: 124,221 GC heap before
{Heap before GC invocations=25 (full 4):
 PSYoungGen      total 306688K, used 276448K [0x00000000e0000000, 0x00000000f6e80000, 0x0000000100000000)
  eden space 276992K, 92% used [0x00000000e0000000,0x00000000efb05ac0,0x00000000f0e80000)
  from space 29696K, 65% used [0x00000000f2d00000,0x00000000f3ff28a8,0x00000000f4a00000)
  to   space 31232K, 0% used [0x00000000f0e80000,0x00000000f0e80000,0x00000000f2d00000)
 ParOldGen       total 196608K, used 110626K [0x00000000a0000000, 0x00000000ac000000, 0x00000000e0000000)
  object space 196608K, 56% used [0x00000000a0000000,0x00000000a6c08910,0x00000000ac000000)
 Metaspace       used 70778K, capacity 73084K, committed 73432K, reserved 1112064K
  class space    used 9355K, capacity 9887K, committed 9984K, reserved 1048576K
Event: 124,307 GC heap after
Heap after GC invocations=25 (full 4):
 PSYoungGen      total 308224K, used 14557K [0x00000000e0000000, 0x00000000fa100000, 0x0000000100000000)
  eden space 276992K, 0% used [0x00000000e0000000,0x00000000e0000000,0x00000000f0e80000)
  from space 31232K, 46% used [0x00000000f0e80000,0x00000000f1cb7648,0x00000000f2d00000)
  to   space 30208K, 0% used [0x00000000f8380000,0x00000000f8380000,0x00000000fa100000)
 ParOldGen       total 216576K, used 207854K [0x00000000a0000000, 0x00000000ad380000, 0x00000000e0000000)
  object space 216576K, 95% used [0x00000000a0000000,0x00000000acafbad0,0x00000000ad380000)
 Metaspace       used 70778K, capacity 73084K, committed 73432K, reserved 1112064K
  class space    used 9355K, capacity 9887K, committed 9984K, reserved 1048576K
}
Event: 124,434 GC heap before
{Heap before GC invocations=26 (full 5):
 PSYoungGen      total 308224K, used 14557K [0x00000000e0000000, 0x00000000fa100000, 0x0000000100000000)
  eden space 276992K, 0% used [0x00000000e0000000,0x00000000e0000000,0x00000000f0e80000)
  from space 31232K, 46% used [0x00000000f0e80000,0x00000000f1cb7648,0x00000000f2d00000)
  to   space 30208K, 0% used [0x00000000f8380000,0x00000000f8380000,0x00000000fa100000)
 ParOldGen       total 216576K, used 207854K [0x00000000a0000000, 0x00000000ad380000, 0x00000000e0000000)
  object space 216576K, 95% used [0x00000000a0000000,0x00000000acafbad0,0x00000000ad380000)
 Metaspace       used 70778K, capacity 73084K, committed 73432K, reserved 1112064K
  class space    used 9355K, capacity 9887K, committed 9984K, reserved 1048576K
Event: 124,649 GC heap after
Heap after GC invocations=26 (full 5):
 PSYoungGen      total 308224K, used 0K [0x00000000e0000000, 0x00000000fa100000, 0x0000000100000000)
  eden space 276992K, 0% used [0x00000000e0000000,0x00000000e0000000,0x00000000f0e80000)
  from space 31232K, 0% used [0x00000000f0e80000,0x00000000f0e80000,0x00000000f2d00000)
  to   space 30208K, 0% used [0x00000000f8380000,0x00000000f8380000,0x00000000fa100000)
 ParOldGen       total 317952K, used 189515K [0x00000000a0000000, 0x00000000b3680000, 0x00000000e0000000)
  object space 317952K, 59% used [0x00000000a0000000,0x00000000ab912de8,0x00000000b3680000)
 Metaspace       used 70778K, capacity 73084K, committed 73432K, reserved 1112064K
  class space    used 9355K, capacity 9887K, committed 9984K, reserved 1048576K
}
Event: 160,445 GC heap before
{Heap before GC invocations=27 (full 5):
 PSYoungGen      total 308224K, used 276992K [0x00000000e0000000, 0x00000000fa100000, 0x0000000100000000)
  eden space 276992K, 100% used [0x00000000e0000000,0x00000000f0e80000,0x00000000f0e80000)
  from space 31232K, 0% used [0x00000000f0e80000,0x00000000f0e80000,0x00000000f2d00000)
  to   space 30208K, 0% used [0x00000000f8380000,0x00000000f8380000,0x00000000fa100000)
 ParOldGen       total 317952K, used 189515K [0x00000000a0000000, 0x00000000b3680000, 0x00000000e0000000)
  object space 317952K, 59% used [0x00000000a0000000,0x00000000ab912de8,0x00000000b3680000)
 Metaspace       used 72001K, capacity 74340K, committed 74456K, reserved 1114112K
  class space    used 9427K, capacity 9977K, committed 9984K, reserved 1048576K

